#
# There is insufficient memory for the Java Runtime Environment to continue.
# Native memory allocation (mmap) failed to map 62914560 bytes for committing reserved memory.
# Possible reasons:
#   The system is out of physical RAM or swap space
#   The process is running with CompressedOops enabled, and the Java Heap may be blocking the growth of the native heap
# Possible solutions:
#   Reduce memory load on the system
#   Increase physical memory or swap space
#   Check if swap backing store is full
#   Decrease Java heap size (-Xmx/-Xms)
#   Decrease number of Java threads
#   Decrease Java thread stack sizes (-Xss)
#   Set larger code cache with -XX:ReservedCodeCacheSize=
# This output file may be truncated or incomplete.
#
#  Out of Memory Error (os_linux.cpp:2763), pid=26248, tid=0x0000ffffa222f200
#
# JRE version:  (8.0_252-b09) (build )
# Java VM: OpenJDK 64-Bit Server VM (25.252-b09 mixed mode linux-aarch64 compressed oops)
# Failed to write core dump. Core dumps have been disabled. To enable core dumping, try "ulimit -c unlimited" before starting Java again
#

---------------  T H R E A D  ---------------

Current thread (0x0000ffff9c04b800):  JavaThread "Unknown thread" [_thread_in_vm, id=26249, stack(0x0000ffffa2030000,0x0000ffffa2230000)]

Stack: [0x0000ffffa2030000,0x0000ffffa2230000],  sp=0x0000ffffa222df60,  free space=2039k
Native frames: (J=compiled Java code, j=interpreted, Vv=VM code, C=native code)
V  [libjvm.so+0x99c86c]  VMError::report_and_die()+0x144
V  [libjvm.so+0x43e4f4]  report_vm_out_of_memory(char const*, int, unsigned long, VMErrorType, char const*)+0xa4
V  [libjvm.so+0x7abf1c]  os::pd_commit_memory(char*, unsigned long, unsigned long, bool)+0xf0
V  [libjvm.so+0x7a3cb8]  os::commit_memory(char*, unsigned long, unsigned long, bool)+0x34
V  [libjvm.so+0x8182c0]  PSVirtualSpace::expand_by(unsigned long)+0x70
V  [libjvm.so+0x7c60e4]  ParMarkBitMap::initialize(MemRegion)+0x184
V  [libjvm.so+0x8119c8]  PSParallelCompact::initialize()+0x15c
V  [libjvm.so+0x7ce738]  ParallelScavengeHeap::initialize()+0x368
V  [libjvm.so+0x96b17c]  Universe::initialize_heap()+0x174
V  [libjvm.so+0x96b3dc]  universe_init()+0x48
V  [libjvm.so+0x54995c]  init_globals()+0x64
V  [libjvm.so+0x94efc4]  Threads::create_vm(JavaVMInitArgs*, bool*)+0x2c0
V  [libjvm.so+0x5c8b70]  JNI_CreateJavaVM+0x8c
C  [libjli.so+0x2ec8]  JavaMain+0xa0
C  [libpthread.so.0+0x7d38]  start_thread+0xb4
C  [libc.so.6+0xdf680]  thread_start+0x30


---------------  P R O C E S S  ---------------

Java Threads: ( => current thread )

Other Threads:

=>0x0000ffff9c04b800 (exited) JavaThread "Unknown thread" [_thread_in_vm, id=26249, stack(0x0000ffffa2030000,0x0000ffffa2230000)]

VM state:not at safepoint (not fully initialized)

VM Mutex/Monitor currently owned by a thread: None

heap address: 0x0000000088000000, size: 1920 MB, Compressed Oops mode: Non-zero based:0x0000000087ff0000
Narrow klass base: 0x0000000000000000, Narrow klass shift: 0

GC Heap History (0 events):
No events

Deoptimization events (0 events):
No events

Classes redefined (0 events):
No events

Internal exceptions (0 events):
No events

Events (0 events):
No events


Dynamic libraries:
88000000-89580000 rw-p 00000000 00:00 0 
89580000-d8000000 ---p 00000000 00:00 0 
d8000000-d8a80000 rw-p 00000000 00:00 0 
d8a80000-100000000 ---p 00000000 00:00 0 
aaaae8b00000-aaaae8b10000 r-xp 00000000 fd:02 918391                     /usr/lib/jvm/java-1.8.0-openjdk-1.8.0.252.b09-2.el7_8.aarch64/bin/jps
aaaae8b10000-aaaae8b20000 r--p 00000000 fd:02 918391                     /usr/lib/jvm/java-1.8.0-openjdk-1.8.0.252.b09-2.el7_8.aarch64/bin/jps
aaaae8b20000-aaaae8b30000 rw-p 00010000 fd:02 918391                     /usr/lib/jvm/java-1.8.0-openjdk-1.8.0.252.b09-2.el7_8.aarch64/bin/jps
aaaafb3f0000-aaaafb420000 rw-p 00000000 00:00 0                          [heap]
ffff84000000-ffff84030000 rw-p 00000000 00:00 0 
ffff84030000-ffff88000000 ---p 00000000 00:00 0 
ffff8c000000-ffff8c030000 rw-p 00000000 00:00 0 
ffff8c030000-ffff90000000 ---p 00000000 00:00 0 
ffff94000000-ffff94270000 rwxp 00000000 00:00 0 
ffff94270000-ffff9c000000 ---p 00000000 00:00 0 
ffff9c000000-ffff9c0b0000 rw-p 00000000 00:00 0 
ffff9c0b0000-ffffa0000000 ---p 00000000 00:00 0 
ffffa0ed0000-ffffa1240000 rw-p 00000000 00:00 0 
ffffa1240000-ffffa1250000 ---p 00000000 00:00 0 
ffffa1250000-ffffa1450000 rw-p 00000000 00:00 0 
ffffa1450000-ffffa1460000 ---p 00000000 00:00 0 
ffffa1460000-ffffa1670000 rw-p 00000000 00:00 0 
ffffa1670000-ffffa18e0000 ---p 00000000 00:00 0 
ffffa18e0000-ffffa18f0000 rw-p 00000000 00:00 0 
ffffa18f0000-ffffa1b60000 ---p 00000000 00:00 0 
ffffa1b60000-ffffa1b70000 rw-p 00000000 00:00 0 
ffffa1b70000-ffffa1ca0000 ---p 00000000 00:00 0 
ffffa1ca0000-ffffa1d10000 rw-p 00000000 00:00 0 
ffffa1d10000-ffffa1f00000 ---p 00000000 00:00 0 
ffffa1f00000-ffffa1f10000 r-xp 00000000 fd:02 918298                     /usr/lib/jvm/java-1.8.0-openjdk-1.8.0.252.b09-2.el7_8.aarch64/jre/lib/aarch64/libzip.so
ffffa1f10000-ffffa1f20000 r--p 00000000 fd:02 918298                     /usr/lib/jvm/java-1.8.0-openjdk-1.8.0.252.b09-2.el7_8.aarch64/jre/lib/aarch64/libzip.so
ffffa1f20000-ffffa1f30000 rw-p 00010000 fd:02 918298                     /usr/lib/jvm/java-1.8.0-openjdk-1.8.0.252.b09-2.el7_8.aarch64/jre/lib/aarch64/libzip.so
ffffa1f30000-ffffa1f40000 r-xp 00000000 fd:02 140255                     /usr/lib64/libnss_files-2.17.so
ffffa1f40000-ffffa1f50000 r--p 00000000 fd:02 140255                     /usr/lib64/libnss_files-2.17.so
ffffa1f50000-ffffa1f60000 rw-p 00010000 fd:02 140255                     /usr/lib64/libnss_files-2.17.so
ffffa1f60000-ffffa1f70000 rw-s 00000000 fd:02 554129                     /tmp/hsperfdata_root/26248
ffffa1f70000-ffffa1fa0000 r-xp 00000000 fd:02 918263                     /usr/lib/jvm/java-1.8.0-openjdk-1.8.0.252.b09-2.el7_8.aarch64/jre/lib/aarch64/libjava.so
ffffa1fa0000-ffffa1fb0000 r--p 00020000 fd:02 918263                     /usr/lib/jvm/java-1.8.0-openjdk-1.8.0.252.b09-2.el7_8.aarch64/jre/lib/aarch64/libjava.so
ffffa1fb0000-ffffa1fc0000 rw-p 00030000 fd:02 918263                     /usr/lib/jvm/java-1.8.0-openjdk-1.8.0.252.b09-2.el7_8.aarch64/jre/lib/aarch64/libjava.so
ffffa1fc0000-ffffa1fd0000 r-xp 00000000 fd:02 918297                     /usr/lib/jvm/java-1.8.0-openjdk-1.8.0.252.b09-2.el7_8.aarch64/jre/lib/aarch64/libverify.so
ffffa1fd0000-ffffa1fe0000 r--p 00000000 fd:02 918297                     /usr/lib/jvm/java-1.8.0-openjdk-1.8.0.252.b09-2.el7_8.aarch64/jre/lib/aarch64/libverify.so
ffffa1fe0000-ffffa1ff0000 rw-p 00010000 fd:02 918297                     /usr/lib/jvm/java-1.8.0-openjdk-1.8.0.252.b09-2.el7_8.aarch64/jre/lib/aarch64/libverify.so
ffffa1ff0000-ffffa2000000 r-xp 00000000 fd:02 140258                     /usr/lib64/librt-2.17.so
ffffa2000000-ffffa2010000 r--p 00000000 fd:02 140258                     /usr/lib64/librt-2.17.so
ffffa2010000-ffffa2020000 rw-p 00010000 fd:02 140258                     /usr/lib64/librt-2.17.so
ffffa2020000-ffffa2050000 ---p 00000000 00:00 0 
ffffa2050000-ffffa2230000 rw-p 00000000 00:00 0 
ffffa2230000-ffffa2250000 r-xp 00000000 fd:02 134166                     /usr/lib64/libgcc_s-4.8.5-20150702.so.1
ffffa2250000-ffffa2260000 r--p 00010000 fd:02 134166                     /usr/lib64/libgcc_s-4.8.5-20150702.so.1
ffffa2260000-ffffa2270000 rw-p 00020000 fd:02 134166                     /usr/lib64/libgcc_s-4.8.5-20150702.so.1
ffffa2270000-ffffa2310000 r-xp 00000000 fd:02 140252                     /usr/lib64/libm-2.17.so
ffffa2310000-ffffa2320000 r--p 00090000 fd:02 140252                     /usr/lib64/libm-2.17.so
ffffa2320000-ffffa2330000 rw-p 000a0000 fd:02 140252                     /usr/lib64/libm-2.17.so
ffffa2330000-ffffa2420000 r-xp 00000000 fd:02 141283                     /usr/lib64/libstdc++.so.6.0.19
ffffa2420000-ffffa2430000 ---p 000f0000 fd:02 141283                     /usr/lib64/libstdc++.so.6.0.19
ffffa2430000-ffffa2440000 r--p 000f0000 fd:02 141283                     /usr/lib64/libstdc++.so.6.0.19
ffffa2440000-ffffa2450000 rw-p 00100000 fd:02 141283                     /usr/lib64/libstdc++.so.6.0.19
ffffa2450000-ffffa2460000 rw-p 00000000 00:00 0 
ffffa2460000-ffffa3010000 r-xp 00000000 fd:02 918302                     /usr/lib/jvm/java-1.8.0-openjdk-1.8.0.252.b09-2.el7_8.aarch64/jre/lib/aarch64/server/libjvm.so
ffffa3010000-ffffa30b0000 r--p 00ba0000 fd:02 918302                     /usr/lib/jvm/java-1.8.0-openjdk-1.8.0.252.b09-2.el7_8.aarch64/jre/lib/aarch64/server/libjvm.so
ffffa30b0000-ffffa30e0000 rw-p 00c40000 fd:02 918302                     /usr/lib/jvm/java-1.8.0-openjdk-1.8.0.252.b09-2.el7_8.aarch64/jre/lib/aarch64/server/libjvm.so
ffffa30e0000-ffffa3140000 rw-p 00000000 00:00 0 
ffffa3140000-ffffa32b0000 r-xp 00000000 fd:02 133805                     /usr/lib64/libc-2.17.so
ffffa32b0000-ffffa32c0000 r--p 00160000 fd:02 133805                     /usr/lib64/libc-2.17.so
ffffa32c0000-ffffa32d0000 rw-p 00170000 fd:02 133805                     /usr/lib64/libc-2.17.so
ffffa32d0000-ffffa32e0000 r-xp 00000000 fd:02 140251                     /usr/lib64/libdl-2.17.so
ffffa32e0000-ffffa32f0000 r--p 00000000 fd:02 140251                     /usr/lib64/libdl-2.17.so
ffffa32f0000-ffffa3300000 rw-p 00010000 fd:02 140251                     /usr/lib64/libdl-2.17.so
ffffa3300000-ffffa3310000 r-xp 00000000 fd:02 918492                     /usr/lib/jvm/java-1.8.0-openjdk-1.8.0.252.b09-2.el7_8.aarch64/lib/aarch64/jli/libjli.so
ffffa3310000-ffffa3320000 r--p 00000000 fd:02 918492                     /usr/lib/jvm/java-1.8.0-openjdk-1.8.0.252.b09-2.el7_8.aarch64/lib/aarch64/jli/libjli.so
ffffa3320000-ffffa3330000 rw-p 00010000 fd:02 918492                     /usr/lib/jvm/java-1.8.0-openjdk-1.8.0.252.b09-2.el7_8.aarch64/lib/aarch64/jli/libjli.so
ffffa3330000-ffffa3350000 r-xp 00000000 fd:02 134122                     /usr/lib64/libz.so.1.2.7
ffffa3350000-ffffa3360000 r--p 00010000 fd:02 134122                     /usr/lib64/libz.so.1.2.7
ffffa3360000-ffffa3370000 rw-p 00020000 fd:02 134122                     /usr/lib64/libz.so.1.2.7
ffffa3370000-ffffa3390000 r-xp 00000000 fd:02 133831                     /usr/lib64/libpthread-2.17.so
ffffa3390000-ffffa33a0000 r--p 00010000 fd:02 133831                     /usr/lib64/libpthread-2.17.so
ffffa33a0000-ffffa33b0000 rw-p 00020000 fd:02 133831                     /usr/lib64/libpthread-2.17.so
ffffa33b0000-ffffa33c0000 r--p 00000000 00:00 0 
ffffa33c0000-ffffa33d0000 r--p 00000000 00:00 0                          [vvar]
ffffa33d0000-ffffa33e0000 r-xp 00000000 00:00 0                          [vdso]
ffffa33e0000-ffffa3400000 r-xp 00000000 fd:02 133410                     /usr/lib64/ld-2.17.so
ffffa3400000-ffffa3410000 r--p 00010000 fd:02 133410                     /usr/lib64/ld-2.17.so
ffffa3410000-ffffa3420000 rw-p 00020000 fd:02 133410                     /usr/lib64/ld-2.17.so
fffffa5f0000-fffffa620000 rw-p 00000000 00:00 0                          [stack]

VM Arguments:
jvm_args: -Denv.class.path=.:/usr/lib/jvm//java-1.8.0/jre/lib/rt.jar:/usr/lib/jvm//java-1.8.0/lib/dt.jar:/usr/lib/jvm//java-1.8.0/lib/tools.jar -Dapplication.home=/usr/lib/jvm/java-1.8.0-openjdk-1.8.0.252.b09-2.el7_8.aarch64 -Xms8m 
java_command: sun.tools.jps.Jps
java_class_path (initial): /usr/lib/jvm/java-1.8.0-openjdk-1.8.0.252.b09-2.el7_8.aarch64/lib/tools.jar:/usr/lib/jvm/java-1.8.0-openjdk-1.8.0.252.b09-2.el7_8.aarch64/classes
Launcher Type: SUN_STANDARD

Environment Variables:
JAVA_HOME=/usr/lib/jvm//java-1.8.0
CLASSPATH=.:/usr/lib/jvm//java-1.8.0/jre/lib/rt.jar:/usr/lib/jvm//java-1.8.0/lib/dt.jar:/usr/lib/jvm//java-1.8.0/lib/tools.jar
PATH=/home/sqoop/sqoop-1.4.7-cdh6.3.2//bin:/home/hive/apache-hive-3.1.2-bin/bin:/usr/local/sbin:/usr/local/bin:/usr/sbin:/usr/bin:/usr/lib/jvm//java-1.8.0/bin:/home/hadoop/hadoop-3.1.3/bin:/home/hadoop/hadoop-3.1.3/sbin:/root/bin:/usr/local/python3/bin:/root/bin
SHELL=/bin/bash

Signal Handlers:
SIGSEGV: [libjvm.so+0x99d1d8], sa_mask[0]=11111111011111111101111111111110, sa_flags=SA_RESTART|SA_SIGINFO
SIGBUS: [libjvm.so+0x99d1d8], sa_mask[0]=11111111011111111101111111111110, sa_flags=SA_RESTART|SA_SIGINFO
SIGFPE: [libjvm.so+0x7a75e0], sa_mask[0]=11111111011111111101111111111110, sa_flags=SA_RESTART|SA_SIGINFO
SIGPIPE: [libjvm.so+0x7a75e0], sa_mask[0]=11111111011111111101111111111110, sa_flags=SA_RESTART|SA_SIGINFO
SIGXFSZ: [libjvm.so+0x7a75e0], sa_mask[0]=11111111011111111101111111111110, sa_flags=SA_RESTART|SA_SIGINFO
SIGILL: [libjvm.so+0x7a75e0], sa_mask[0]=11111111011111111101111111111110, sa_flags=SA_RESTART|SA_SIGINFO
SIGUSR1: SIG_DFL, sa_mask[0]=00000000000000000000000000000000, sa_flags=none
SIGUSR2: [libjvm.so+0x7a7494], sa_mask[0]=00000000000000000000000000000000, sa_flags=SA_RESTART|SA_SIGINFO
SIGHUP: SIG_DFL, sa_mask[0]=00000000000000000000000000000000, sa_flags=none
SIGINT: SIG_DFL, sa_mask[0]=00000000000000000000000000000000, sa_flags=none
SIGTERM: SIG_DFL, sa_mask[0]=00000000000000000000000000000000, sa_flags=none
SIGQUIT: SIG_DFL, sa_mask[0]=00000000000000000000000000000000, sa_flags=none


---------------  S Y S T E M  ---------------

OS:CentOS Linux release 7.6.1810 (AltArch) 

uname:Linux 4.18.0-80.7.2.el7.aarch64 #1 SMP Thu Sep 12 16:13:20 UTC 2019 aarch64
libc:glibc 2.17 NPTL 2.17 
rlimit: STACK 8192k, CORE 0k, NPROC 7550, NOFILE 65535, AS infinity
load average:1.33 0.94 0.48

/proc/meminfo:
MemTotal:        7752960 kB
MemFree:          500736 kB
MemAvailable:          0 kB
Buffers:            6976 kB
Cached:           123456 kB
SwapCached:            0 kB
Active:          6967872 kB
Inactive:          68800 kB
Active(anon):    6913024 kB
Inactive(anon):    16448 kB
Active(file):      54848 kB
Inactive(file):    52352 kB
Unevictable:           0 kB
Mlocked:               0 kB
SwapTotal:             0 kB
SwapFree:              0 kB
Dirty:              1856 kB
Writeback:             0 kB
AnonPages:       6906368 kB
Mapped:            38144 kB
Shmem:             23232 kB
Slab:              75264 kB
SReclaimable:      32384 kB
SUnreclaim:        42880 kB
KernelStack:       58176 kB
PageTables:        26368 kB
NFS_Unstable:          0 kB
Bounce:                0 kB
WritebackTmp:          0 kB
CommitLimit:     3876480 kB
Committed_AS:   12551488 kB
VmallocTotal:   133009637312 kB
VmallocUsed:           0 kB
VmallocChunk:          0 kB
HardwareCorrupted:     0 kB
AnonHugePages:         0 kB
ShmemHugePages:        0 kB
ShmemPmdMapped:        0 kB
HugePages_Total:       0
HugePages_Free:        0
HugePages_Rsvd:        0
HugePages_Surp:        0
Hugepagesize:     524288 kB
Hugetlb:               0 kB

container (cgroup) information:
container_type: cgroupv1
cpu_cpuset_cpus: 0-1
cpu_memory_nodes: 0
active_processor_count: 2
cpu_quota: -1
cpu_period: 100000
cpu_shares: -1
memory_limit_in_bytes: -1
memory_and_swap_limit_in_bytes: -1
memory_soft_limit_in_bytes: -1
memory_usage_in_bytes: 7201619968
memory_max_usage_in_bytes: 3685810176


CPU:total 2 (initial active 2) simd, crc, aes, sha1, sha256, lse

/proc/cpuinfo:
processor	: 0
BogoMIPS	: 200.00
Features	: fp asimd evtstrm aes pmull sha1 sha2 crc32 atomics fphp asimdhp cpuid asimdrdm jscvt fcma dcpop asimddp asimdfhm
CPU implementer	: 0x48
CPU architecture: 8
CPU variant	: 0x1
CPU part	: 0xd01
CPU revision	: 0

processor	: 1
BogoMIPS	: 200.00
Features	: fp asimd evtstrm aes pmull sha1 sha2 crc32 atomics fphp asimdhp cpuid asimdrdm jscvt fcma dcpop asimddp asimdfhm
CPU implementer	: 0x48
CPU architecture: 8
CPU variant	: 0x1
CPU part	: 0xd01
CPU revision	: 0



Memory: 64k page, physical 7752960k(500736k free), swap 0k(0k free)

vm_info: OpenJDK 64-Bit Server VM (25.252-b09) for linux-aarch64 JRE (1.8.0_252-b09), built on Apr 29 2020 09:11:13 by "mockbuild" with gcc 4.8.5 20150623 (Red Hat 4.8.5-39)

time: Sat Jul  4 19:25:40 2020
timezone: CST
elapsed time: 0 seconds (0d 0h 0m 0s)

